[debug] [2018-02-06T18:16:15.607Z] ----------------------------------------------------------------------
[debug] [2018-02-06T18:16:15.610Z] Command:       /usr/local/bin/node /usr/local/bin/firebase deploy --project personal-website-2cc3e
[debug] [2018-02-06T18:16:15.610Z] CLI Version:   3.17.3
[debug] [2018-02-06T18:16:15.610Z] Platform:      darwin
[debug] [2018-02-06T18:16:15.610Z] Node Version:  v8.7.0
[debug] [2018-02-06T18:16:15.618Z] Time:          Tue Feb 06 2018 21:16:15 GMT+0300 (MSK)
[debug] [2018-02-06T18:16:15.618Z] ----------------------------------------------------------------------
[debug] 
[debug] [2018-02-06T18:16:15.635Z] > command requires scopes: ["email","openid","https://www.googleapis.com/auth/cloudplatformprojects.readonly","https://www.googleapis.com/auth/firebase","https://www.googleapis.com/auth/cloud-platform"]
[debug] [2018-02-06T18:16:15.635Z] > authorizing via signed-in user
[debug] [2018-02-06T18:16:15.637Z] >>> HTTP REQUEST GET https://admin.firebase.com/v1/projects/personal-website-2cc3e  
  
 Tue Feb 06 2018 21:16:15 GMT+0300 (MSK)
[debug] [2018-02-06T18:16:17.253Z] <<< HTTP RESPONSE 200
[debug] [2018-02-06T18:16:17.255Z] >>> HTTP REQUEST GET https://admin.firebase.com/v1/database/personal-website-2cc3e/tokens  
  
 Tue Feb 06 2018 21:16:17 GMT+0300 (MSK)
[debug] [2018-02-06T18:16:18.230Z] <<< HTTP RESPONSE 200
[info] 
[info] === Deploying to 'personal-website-2cc3e'...
[info] 
[info] i  deploying hosting
[info] i  hosting: preparing public directory for upload...
[debug] [2018-02-06T18:16:19.723Z] >>> HTTP REQUEST PUT https://deploy.firebase.com/v1/hosting/personal-website-2cc3e/uploads/-L4gKIOfeFvti6751Qmb?fileCount=21&message=  
  
 Tue Feb 06 2018 21:16:19 GMT+0300 (MSK)
